[2017-07-06 16:16:03,707] INFO Cleaner 0: Beginning cleaning of log __consumer_offsets-13. (kafka.log.LogCleaner)
[2017-07-06 16:16:03,707] INFO Cleaner 0: Building offset map for __consumer_offsets-13... (kafka.log.LogCleaner)
[2017-07-06 16:16:03,732] INFO Cleaner 0: Building offset map for log __consumer_offsets-13 for 1 segments in offset range [0, 3). (kafka.log.LogCleaner)
[2017-07-06 16:16:03,733] INFO Cleaner 0: Offset map for log __consumer_offsets-13 complete. (kafka.log.LogCleaner)
[2017-07-06 16:16:03,733] INFO Cleaner 0: Cleaning log __consumer_offsets-13 (cleaning prior to Tue Jun 27 10:21:52 CST 2017, discarding tombstones prior to Thu Jan 01 08:00:00 CST 1970)... (kafka.log.LogCleaner)
[2017-07-06 16:16:03,734] INFO Cleaner 0: Cleaning segment 0 in log __consumer_offsets-13 (largest timestamp Tue Jun 27 10:21:52 CST 2017) into 0, retaining deletes. (kafka.log.LogCleaner)
[2017-07-06 16:16:03,793] INFO Cleaner 0: Swapping in cleaned segment 0 for segment(s) 0 in log __consumer_offsets-13. (kafka.log.LogCleaner)
[2017-07-06 16:16:03,796] INFO [kafka-log-cleaner-thread-0], 
	Log cleaner thread 0 cleaned log __consumer_offsets-13 (dirty section = [0, 0])
	0.0 MB of log processed in 0.1 seconds (0.0 MB/sec).
	Indexed 0.0 MB in 0.0 seconds (0.0 Mb/sec, 29.9% of total time)
	Buffer utilization: 0.0%
	Cleaned 0.0 MB in 0.1 seconds (0.0 Mb/sec, 70.1% of total time)
	Start size: 0.0 MB (3 messages)
	End size: 0.0 MB (1 messages)
	65.7% size reduction (66.7% fewer messages)
 (kafka.log.LogCleaner)
[2017-07-06 16:19:25,947] INFO Starting the log cleaner (kafka.log.LogCleaner)
[2017-07-06 16:19:25,949] INFO [kafka-log-cleaner-thread-0], Starting  (kafka.log.LogCleaner)
[2017-07-06 16:20:07,231] INFO Starting the log cleaner (kafka.log.LogCleaner)
[2017-07-06 16:20:07,232] INFO [kafka-log-cleaner-thread-0], Starting  (kafka.log.LogCleaner)
